0 info it worked if it ends with ok
1 verbose cli [ '/usr/local/bin/node',
1 verbose cli   '/usr/local/bin/npm',
1 verbose cli   'install',
1 verbose cli   'mysql-',
1 verbose cli   '-save' ]
2 info using npm@1.4.28
3 info using node@v0.10.36
4 warn package.json Stith_BTC@1.0.0 No repository field.
5 warn package.json Stith_BTC@1.0.0 No README data
6 verbose readDependencies using package.json deps
7 verbose cache add [ 'mysql-', null ]
8 verbose cache add name=undefined spec="mysql-" args=["mysql-",null]
9 verbose parsed url { protocol: null,
9 verbose parsed url   slashes: null,
9 verbose parsed url   auth: null,
9 verbose parsed url   host: null,
9 verbose parsed url   port: null,
9 verbose parsed url   hostname: null,
9 verbose parsed url   hash: null,
9 verbose parsed url   search: null,
9 verbose parsed url   query: null,
9 verbose parsed url   pathname: 'mysql-',
9 verbose parsed url   path: 'mysql-',
9 verbose parsed url   href: 'mysql-' }
10 silly lockFile f73f71a5-mysql mysql-
11 verbose lock mysql- /Users/mstith/.npm/f73f71a5-mysql.lock
12 silly lockFile f73f71a5-mysql mysql-
13 silly lockFile f73f71a5-mysql mysql-
14 verbose addNamed [ 'mysql-', '' ]
15 verbose addNamed [ null, '*' ]
16 silly lockFile 39dc8d0d-mysql mysql-@
17 verbose lock mysql-@ /Users/mstith/.npm/39dc8d0d-mysql.lock
18 silly addNameRange { name: 'mysql-', range: '*', hasData: false }
19 verbose request where is /mysql-
20 verbose request registry https://registry.npmjs.org/
21 verbose request id 58483f3547e99d68
22 verbose url raw /mysql-
23 verbose url resolving [ 'https://registry.npmjs.org/', './mysql-' ]
24 verbose url resolved https://registry.npmjs.org/mysql-
25 verbose request where is https://registry.npmjs.org/mysql-
26 info trying registry request attempt 1 at 17:57:10
27 http GET https://registry.npmjs.org/mysql-
28 http 404 https://registry.npmjs.org/mysql-
29 silly registry.get cb [ 404,
29 silly registry.get   { 'content-type': 'application/json',
29 silly registry.get     'cache-control': 'max-age=0',
29 silly registry.get     'content-length': '2',
29 silly registry.get     'accept-ranges': 'bytes',
29 silly registry.get     date: 'Wed, 11 Nov 2015 01:57:11 GMT',
29 silly registry.get     via: '1.1 varnish',
29 silly registry.get     age: '0',
29 silly registry.get     connection: 'keep-alive',
29 silly registry.get     'x-served-by': 'cache-sjc3122-SJC',
29 silly registry.get     'x-cache': 'MISS',
29 silly registry.get     'x-cache-hits': '0',
29 silly registry.get     'x-timer': 'S1447207031.530670,VS0,VE101' } ]
30 silly lockFile 39dc8d0d-mysql mysql-@
31 silly lockFile 39dc8d0d-mysql mysql-@
32 error 404 Not Found
32 error 404
32 error 404 'mysql-' is not in the npm registry.
32 error 404 You should bug the author to publish it
32 error 404 It was specified as a dependency of 'Stith_BTC'
32 error 404
32 error 404 Note that you can also install from a
32 error 404 tarball, folder, or http url, or git url.
33 error System Darwin 13.4.0
34 error command "/usr/local/bin/node" "/usr/local/bin/npm" "install" "mysql-" "-save"
35 error cwd /Users/mstith/Sites/btc
36 error node -v v0.10.36
37 error npm -v 1.4.28
38 error code E404
39 verbose exit [ 1, true ]
